1596967877045	geckodriver	INFO	Listening on 127.0.0.1:57440
1596967877058	mozrunner::runner	INFO	Running command: "/Applications/Firefox.app/Contents/MacOS/firefox-bin" "--marionette" "-foreground" "-no-remote" "-profile" "/var/folders/jj/zchqv2v55fxbdr2rq0zfjybr0000gq/T/rust_mozprofileXQIzjf"
console.error: SearchCache: "_readCacheFile: Error reading cache file:" (new Error("", "(unknown module)"))
1596967880642	Marionette	INFO	Listening on port 57445
1596967880724	Marionette	WARN	TLS certificate errors will be ignored for this session
JavaScript error: resource://gre/modules/URIFixup.jsm, line 281: NS_ERROR_FAILURE: Should pass a non-null uri
1596967950793	geckodriver	INFO	Listening on 127.0.0.1:57991
1596967950907	mozrunner::runner	INFO	Running command: "/Applications/Firefox.app/Contents/MacOS/firefox-bin" "--marionette" "-foreground" "-no-remote" "-profile" "/var/folders/jj/zchqv2v55fxbdr2rq0zfjybr0000gq/T/rust_mozprofilei9wZm3"
console.error: SearchCache: "_readCacheFile: Error reading cache file:" (new Error("", "(unknown module)"))
1596967952968	Marionette	INFO	Listening on port 57996
1596967953065	Marionette	WARN	TLS certificate errors will be ignored for this session
JavaScript error: resource://gre/modules/URIFixup.jsm, line 281: NS_ERROR_FAILURE: Should pass a non-null uri
1596967960987	Marionette	INFO	Stopped listening on port 57996
1596967972687	Marionette	INFO	Stopped listening on port 57445
1596968030078	geckodriver	INFO	Listening on 127.0.0.1:58410
1596968031087	mozrunner::runner	INFO	Running command: "/Applications/Firefox.app/Contents/MacOS/firefox-bin" "--marionette" "-foreground" "-no-remote" "-profile" "/var/folders/jj/zchqv2v55fxbdr2rq0zfjybr0000gq/T/rust_mozprofilexnLZdX"
console.error: SearchCache: "_readCacheFile: Error reading cache file:" (new Error("", "(unknown module)"))
1596968032944	Marionette	INFO	Listening on port 58421
1596968032950	Marionette	WARN	TLS certificate errors will be ignored for this session
JavaScript error: resource://gre/modules/URIFixup.jsm, line 281: NS_ERROR_FAILURE: Should pass a non-null uri
1596968042616	Marionette	INFO	Stopped listening on port 58421
1596976709755	geckodriver	INFO	Listening on 127.0.0.1:62178
1596976710766	mozrunner::runner	INFO	Running command: "/Applications/Firefox.app/Contents/MacOS/firefox-bin" "--marionette" "-foreground" "-no-remote" "-profile" "/var/folders/jj/zchqv2v55fxbdr2rq0zfjybr0000gq/T/rust_mozprofileA9W2Lb"
console.error: SearchCache: "_readCacheFile: Error reading cache file:" (new Error("", "(unknown module)"))
1596976713275	Marionette	INFO	Listening on port 62193
1596976713349	Marionette	WARN	TLS certificate errors will be ignored for this session
JavaScript error: https://dss0.bdstatic.com/5aV1bjqh_Q23odCf/static/superman/js/sbase-0948aa26f1.js, line 70: Error: load css timeout : https://dss0.bdstatic.com/5aV1bjqh_Q23odCf/static/superman/css/components/user_quit_dialog-527f3ede74.css
1596976925155	geckodriver	INFO	Listening on 127.0.0.1:63253
1596976926175	mozrunner::runner	INFO	Running command: "/Applications/Firefox.app/Contents/MacOS/firefox-bin" "--marionette" "-foreground" "-no-remote" "-profile" "/var/folders/jj/zchqv2v55fxbdr2rq0zfjybr0000gq/T/rust_mozprofileYBXQD5"
console.error: SearchCache: "_readCacheFile: Error reading cache file:" (new Error("", "(unknown module)"))
1596976928148	Marionette	INFO	Listening on port 63264
1596976928251	Marionette	WARN	TLS certificate errors will be ignored for this session
JavaScript error: https://dss0.bdstatic.com/5aV1bjqh_Q23odCf/static/superman/js/sbase-0948aa26f1.js, line 70: Error: load css timeout : https://dss0.bdstatic.com/5aV1bjqh_Q23odCf/static/superman/css/components/user_quit_dialog-527f3ede74.css
1596977697130	geckodriver	INFO	Listening on 127.0.0.1:50221
1596977698152	mozrunner::runner	INFO	Running command: "/Applications/Firefox.app/Contents/MacOS/firefox-bin" "--marionette" "-foreground" "-no-remote" "-profile" "/var/folders/jj/zchqv2v55fxbdr2rq0zfjybr0000gq/T/rust_mozprofileeB1sWc"
Exiting due to channel error.
1596977699639	geckodriver	INFO	Listening on 127.0.0.1:50258
1596977700653	mozrunner::runner	INFO	Running command: "/Applications/Firefox.app/Contents/MacOS/firefox-bin" "--marionette" "-foreground" "-no-remote" "-profile" "/var/folders/jj/zchqv2v55fxbdr2rq0zfjybr0000gq/T/rust_mozprofilexQkTel"
console.error: SearchCache: "_readCacheFile: Error reading cache file:" (new Error("", "(unknown module)"))
1596977702594	Marionette	INFO	Listening on port 50269
1596977702619	Marionette	WARN	TLS certificate errors will be ignored for this session
1596977718152	Marionette	INFO	Stopped listening on port 62193
1596977725573	Marionette	INFO	Stopped listening on port 50269
1596978047274	geckodriver	INFO	Listening on 127.0.0.1:51769
1596978048286	mozrunner::runner	INFO	Running command: "/Applications/Firefox.app/Contents/MacOS/firefox-bin" "--marionette" "-foreground" "-no-remote" "-profile" "/var/folders/jj/zchqv2v55fxbdr2rq0zfjybr0000gq/T/rust_mozprofileh67NCg"
console.error: SearchCache: "_readCacheFile: Error reading cache file:" (new Error("", "(unknown module)"))
1596978050302	Marionette	INFO	Listening on port 51780
1596978050364	Marionette	WARN	TLS certificate errors will be ignored for this session
1596978054780	Marionette	INFO	Stopped listening on port 51780
JavaScript error: resource://gre/modules/Prompter.jsm, line 1189: NS_ERROR_NOT_AVAILABLE: prompt aborted by user
2020-08-09 21:27:27.080 firefox-bin[53127:6862014] imkxpc_getApplicationProperty:reply: called with incorrect property value 4, bailing.
2020-08-09 21:27:27.080 firefox-bin[53127:6862014] Text input context does not respond to _valueForTIProperty:
2020-08-09 21:27:27.081 firefox-bin[53127:6862014] imkxpc_getApplicationProperty:reply: called with incorrect property value 4, bailing.
2020-08-09 21:27:27.082 firefox-bin[53127:6862014] Text input context does not respond to _valueForTIProperty:
2020-08-09 21:27:29.118 firefox-bin[53127:6862014] imkxpc_getApplicationProperty:reply: called with incorrect property value 4, bailing.
2020-08-09 21:27:29.118 firefox-bin[53127:6862014] Text input context does not respond to _valueForTIProperty:
